<?xml version="1.0" encoding="UTF-8"?>
<!-- Generated by org.testng.reporters.JUnitReportReporter -->
<testsuite skipped="0" hostname="Ashutoshs-MacBook-Air.local" name="com.tdd.orangehrm.testcase.LoginPageTest" tests="4" failures="0" timestamp="09 Dec 2021 16:57:31 GMT" time="98.483" errors="0">
  <testcase name="loginIntoApplicationValidCred" time="57.418" classname="com.tdd.orangehrm.testcase.LoginPageTest"/>
  <testcase name="verifyLogo" time="11.750" classname="com.tdd.orangehrm.testcase.LoginPageTest"/>
  <testcase name="loginIntoAppplicationInvalidCred" time="11.525" classname="com.tdd.orangehrm.testcase.LoginPageTest"/>
  <testcase name="verifyForgetPassword" time="17.790" classname="com.tdd.orangehrm.testcase.LoginPageTest"/>
</testsuite> <!-- com.tdd.orangehrm.testcase.LoginPageTest -->
