<?xml version="1.0" encoding="UTF-8"?>
<!-- Generated by org.testng.reporters.JUnitReportReporter -->
<testsuite skipped="3" hostname="Ashutoshs-MacBook-Air.local" name="com.tdd.orangehrm.testcase.LoginPageTest" tests="4" failures="0" timestamp="16 Dec 2021 15:36:21 GMT" time="57.078" errors="0">
  <testcase name="loginIntoApplicationValidCred" time="57.078" classname="com.tdd.orangehrm.testcase.LoginPageTest"/>
  <testcase name="verifyForgetPassword" classname="com.tdd.orangehrm.testcase.LoginPageTest">
    <skipped/>
  </testcase> <!-- verifyForgetPassword -->
  <testcase name="verifyLogo" classname="com.tdd.orangehrm.testcase.LoginPageTest">
    <skipped/>
  </testcase> <!-- verifyLogo -->
  <testcase name="loginIntoAppplicationInvalidCred" classname="com.tdd.orangehrm.testcase.LoginPageTest">
    <skipped/>
  </testcase> <!-- loginIntoAppplicationInvalidCred -->
</testsuite> <!-- com.tdd.orangehrm.testcase.LoginPageTest -->
