<?xml version="1.0" encoding="UTF-8"?>
<!-- Generated by org.testng.reporters.JUnitReportReporter -->
<testsuite skipped="0" hostname="Ashutoshs-MacBook-Air.local" name="com.tdd.orangehrm.testcase.LoginPageTest" tests="2" failures="0" timestamp="25 Nov 2021 16:23:15 GMT" time="15.798" errors="0">
  <testcase name="verifyLogo" time="0.316" classname="com.tdd.orangehrm.testcase.LoginPageTest"/>
  <testcase name="loginIntoApplication" time="15.482" classname="com.tdd.orangehrm.testcase.LoginPageTest"/>
</testsuite> <!-- com.tdd.orangehrm.testcase.LoginPageTest -->
