<?xml version="1.0" encoding="UTF-8"?>
<!-- Generated by org.testng.reporters.JUnitReportReporter -->
<testsuite skipped="0" hostname="Ashutoshs-MacBook-Air.local" name="com.tdd.orangehrm.helper.testcase.LoginPageTest" tests="1" failures="0" timestamp="24 Nov 2021 17:52:02 GMT" time="1.360" errors="0">
  <testcase name="loginIntoApplication" time="1.360" classname="com.tdd.orangehrm.helper.testcase.LoginPageTest"/>
</testsuite> <!-- com.tdd.orangehrm.helper.testcase.LoginPageTest -->
