<?xml version="1.0" encoding="UTF-8"?>
<!-- Generated by org.testng.reporters.JUnitReportReporter -->
<testsuite skipped="0" hostname="Ashutoshs-MacBook-Air.local" name="com.tdd.orangehrm.testcase.LoginPageTest" tests="4" failures="0" timestamp="29 Nov 2021 16:49:33 GMT" time="39.098" errors="0">
  <testcase name="verifyLogo" time="0.250" classname="com.tdd.orangehrm.testcase.LoginPageTest"/>
  <testcase name="loginIntoApplicationValidCred" time="25.953" classname="com.tdd.orangehrm.testcase.LoginPageTest"/>
  <testcase name="loginIntoAppplicationInvalidCred" time="2.860" classname="com.tdd.orangehrm.testcase.LoginPageTest"/>
  <testcase name="verifyForgetPassword" time="10.035" classname="com.tdd.orangehrm.testcase.LoginPageTest"/>
</testsuite> <!-- com.tdd.orangehrm.testcase.LoginPageTest -->
