<?xml version="1.0" encoding="UTF-8"?>
<!-- Generated by org.testng.reporters.JUnitReportReporter -->
<testsuite skipped="0" hostname="Ashutoshs-MacBook-Air.local" name="com.tdd.orangehrm.testcase.LoginPageTest" tests="6" failures="0" timestamp="15 Jan 2022 17:02:42 GMT" time="119.352" errors="0">
  <testcase name="loginIntoAppplicationInvalidCred" time="16.991" classname="com.tdd.orangehrm.testcase.LoginPageTest"/>
  <testcase name="verifyLogo" time="11.575" classname="com.tdd.orangehrm.testcase.LoginPageTest"/>
  <testcase name="verifyForgetPassword" time="22.807" classname="com.tdd.orangehrm.testcase.LoginPageTest"/>
  <testcase name="loginIntoApplicationValidCred" time="43.029" classname="com.tdd.orangehrm.testcase.LoginPageTest"/>
  <testcase name="verifyPageTitle" time="11.127" classname="com.tdd.orangehrm.testcase.LoginPageTest"/>
  <testcase name="verifySocialLinksAreNotBroken" time="13.823" classname="com.tdd.orangehrm.testcase.LoginPageTest"/>
</testsuite> <!-- com.tdd.orangehrm.testcase.LoginPageTest -->
